C51 COMPILER V9.54   7SEG                                                                  11/07/2024 12:32:28 PAGE 1   


C51 COMPILER V9.54, COMPILATION OF MODULE 7SEG
OBJECT MODULE PLACED IN .\Objects\7seg.obj
COMPILER INVOKED BY: C:\Keil_v5\C51\BIN\C51.EXE 7seg.c OPTIMIZE(8,SPEED) BROWSE DEBUG OBJECTEXTEND PRINT(.\Listings\7seg
                    -.lst) TABS(2) OBJECT(.\Objects\7seg.obj)

line level    source

   1          #include <reg51.h>
   2          
   3          void delay (unsigned int ms){
   4   1          unsigned int i, j;
   5   1          for(i = 0; i < ms; i++)
   6   1              for(j = 0; j < 1275; j++);  
   7   1      }
   8          
   9          void main (){
  10   1          unsigned char segment_code[] = {0x3F, 0x06, 0x5B, 0x4F, 0x66, 0x6D, 0x7D, 0x07, 0x7F, 0x6F};
  11   1          unsigned char i;
  12   1      
  13   1          while (1) {
  14   2              for (i = 0; i < 10; i++) {
  15   3                  P2 = segment_code[i];
  16   3                  delay(500);
  17   3              }
  18   2          }
  19   1      }


MODULE INFORMATION:   STATIC OVERLAYABLE
   CODE SIZE        =     73    ----
   CONSTANT SIZE    =     10    ----
   XDATA SIZE       =   ----    ----
   PDATA SIZE       =   ----    ----
   DATA SIZE        =   ----      10
   IDATA SIZE       =   ----    ----
   BIT SIZE         =   ----    ----
END OF MODULE INFORMATION.


C51 COMPILATION COMPLETE.  0 WARNING(S),  0 ERROR(S)
